Base path: 'D:/Unity3.4/Editor/Data', plugins path 'D:/Unity3.4/Editor/Data/PlaybackEngines'
Cmd: initializeCompiler
Cmd: compileSnippet
  api=4 type=0 insize=17531 outsize=1590 kw=UNITY_PASS_FORWARDBASE DIRECTIONAL SHADOWS_SCREEN LIGHTPROBE_SH pd=UNITY_NO_DXT5nm UNITY_ENABLE_REFLECTION_BUFFERS UNITY_NO_CUBEMAP_ARRAY UNITY_NO_SCREENSPACE_SHADOWS UNITY_PBS_USE_BRDF2 SHADER_API_DESKTOP UNITY_HARDWARE_TIER3 UNITY_COLORSPACE_GAMMA UNITY_LIGHTMAP_DLDR_ENCODING ok=1
Cmd: initializeCompiler
Cmd: compileComputeKernel
  error: 1 plat 18 at Packages/com.unity.render-pipelines.core/ShaderLibrary/Common.hlsl(1028): conversion from larger type to smaller, possible loss of data
  api=18 insize=17415 outsize=57031 ok=1
Cmd: compileComputeKernel
  error: 1 plat 18 at Packages/com.unity.render-pipelines.core/ShaderLibrary/Common.hlsl(1028): conversion from larger type to smaller, possible loss of data
  error: 1 plat 18 at Packages/com.unity.render-pipelines.core/ShaderLibrary/SpaceTransforms.hlsl(52): conversion from larger type to smaller, possible loss of data
  error: 2 plat 18 at Packages/com.unity.render-pipelines.high-definition/Runtime/ShaderLibrary/ShaderVariablesFunctions.hlsl(7): redefinition of 'GetAbsolutePositionWS'
  api=18 insize=5477 outsize=0 ok=0
Cmd: compileComputeKernel
  error: 1 plat 18 at Packages/com.unity.render-pipelines.core/ShaderLibrary/Common.hlsl(1028): conversion from larger type to smaller, possible loss of data
  error: 1 plat 18 at Packages/com.unity.render-pipelines.core/ShaderLibrary/Packing.hlsl(127): conversion from larger type to smaller, possible loss of data
  error: 1 plat 18 at Packages/com.unity.render-pipelines.core/ShaderLibrary/Packing.hlsl(128): conversion from larger type to smaller, possible loss of data
  error: 1 plat 18 at Packages/com.unity.render-pipelines.core/ShaderLibrary/Packing.hlsl(129): conversion from larger type to smaller, possible loss of data
  error: 1 plat 18 at Packages/com.unity.render-pipelines.core/ShaderLibrary/Packing.hlsl(130): conversion from larger type to smaller, possible loss of data
  error: 1 plat 18 at Packages/com.unity.render-pipelines.core/ShaderLibrary/Packing.hlsl(150): conversion from larger type to smaller, possible loss of data
  error: 1 plat 18 at Packages/com.unity.render-pipelines.core/ShaderLibrary/Packing.hlsl(336): conversion from larger type to smaller, possible loss of data
  error: 1 plat 18 at Packages/com.unity.render-pipelines.core/ShaderLibrary/Packing.hlsl(343): conversion from larger type to smaller, possible loss of data
  error: 1 plat 18 at Packages/com.unity.render-pipelines.core/ShaderLibrary/Packing.hlsl(478): conversion from larger type to smaller, possible loss of data
  error: 1 plat 18 at Packages/com.unity.render-pipelines.core/ShaderLibrary/SpaceTransforms.hlsl(52): conversion from larger type to smaller, possible loss of data
  error: 2 plat 18 at Packages/com.unity.render-pipelines.high-definition/Runtime/ShaderLibrary/ShaderVariablesFunctions.hlsl(7): redefinition of 'GetAbsolutePositionWS'
  api=18 insize=15001 outsize=0 ok=0
Cmd: compileComputeKernel
  error: 1 plat 18 at Packages/com.unity.render-pipelines.core/ShaderLibrary/ACES.hlsl(350): conversion from larger type to smaller, possible loss of data
  error: 1 plat 18 at Packages/com.unity.render-pipelines.core/ShaderLibrary/ACES.hlsl(455): conversion from larger type to smaller, possible loss of data
  error: 1 plat 18 at Packages/com.unity.render-pipelines.core/ShaderLibrary/ACES.hlsl(464): conversion from larger type to smaller, possible loss of data
  error: 1 plat 18 at Packages/com.unity.render-pipelines.core/ShaderLibrary/ACES.hlsl(466): conversion from larger type to smaller, possible loss of data
  error: 1 plat 18 at Packages/com.unity.render-pipelines.core/ShaderLibrary/ACES.hlsl(474): conversion from larger type to smaller, possible loss of data
  error: 1 plat 18 at Packages/com.unity.render-pipelines.core/ShaderLibrary/ACES.hlsl(476): conversion from larger type to smaller, possible loss of data
  error: 1 plat 18 at Packages/com.unity.render-pipelines.core/ShaderLibrary/ACES.hlsl(517): conversion from larger type to smaller, possible loss of data
  error: 1 plat 18 at Packages/com.unity.render-pipelines.core/ShaderLibrary/ACES.hlsl(519): conversion from larger type to smaller, possible loss of data
  error: 1 plat 18 at Packages/com.unity.render-pipelines.core/ShaderLibrary/ACES.hlsl(527): conversion from larger type to smaller, possible loss of data
  error: 1 plat 18 at Packages/com.unity.render-pipelines.core/ShaderLibrary/ACES.hlsl(529): conversion from larger type to smaller, possible loss of data
  error: 1 plat 18 at Packages/com.unity.render-pipelines.core/ShaderLibrary/Color.hlsl(44): conversion from larger type to smaller, possible loss of data
  error: 1 plat 18 at Packages/com.unity.render-pipelines.core/ShaderLibrary/Color.hlsl(59): conversion from larger type to smaller, possible loss of data
  error: 1 plat 18 at Packages/com.unity.render-pipelines.core/ShaderLibrary/Color.hlsl(76): conversion from larger type to smaller, possible loss of data
  error: 1 plat 18 at Packages/com.unity.render-pipelines.core/ShaderLibrary/Color.hlsl(105): conversion from larger type to smaller, possible loss of data
  error: 1 plat 18 at Packages/com.unity.render-pipelines.core/ShaderLibrary/Color.hlsl(155): conversion from larger type to smaller, possible loss of data
  error: 1 plat 18 at Packages/com.unity.render-pipelines.core/ShaderLibrary/Color.hlsl(160): conversion from larger type to smaller, possible loss of data
  error: 1 plat 18 at Packages/com.unity.render-pipelines.core/ShaderLibrary/Color.hlsl(165): conversion from larger type to smaller, possible loss of data
  error: 1 plat 18 at Packages/com.unity.render-pipelines.core/ShaderLibrary/Color.hlsl(208): conversion from larger type to smaller, possible loss of data
  error: 1 plat 18 at Packages/com.unity.render-pipelines.core/ShaderLibrary/Color.hlsl(506): conversion from larger type to smaller, possible loss of data
  error: 1 plat 18 at Packages/com.unity.render-pipelines.core/ShaderLibrary/Color.hlsl(524): conversion from larger type to smaller, possible loss of data
  error: 1 plat 18 at Packages/com.unity.render-pipelines.core/ShaderLibrary/Color.hlsl(533): conversion from larger type to smaller, possible loss of data
  error: 1 plat 18 at Packages/com.unity.render-pipelines.core/ShaderLibrary/Color.hlsl(534): conversion from larger type to smaller, possible loss of data
  error: 1 plat 18 at Packages/com.unity.render-pipelines.core/ShaderLibrary/Color.hlsl(535): conversion from larger type to smaller, possible loss of data
  error: 1 plat 18 at Packages/com.unity.render-pipelines.core/ShaderLibrary/Color.hlsl(536): conversion from larger type to smaller, possible loss of data
  error: 1 plat 18 at Packages/com.unity.render-pipelines.core/ShaderLibrary/Color.hlsl(634): 'rgb_2_saturation': conversion from larger type to smaller, possible loss of data
  error: 1 plat 18 at Packages/com.unity.render-pipelines.core/ShaderLibrary/Color.hlsl(635): 'rgb_2_yc': conversion from larger type to smaller, possible loss of data
  error: 1 plat 18 at Packages/com.unity.render-pipelines.core/ShaderLibrary/Color.hlsl(636): 'sigmoid_shaper': conversion from larger type to smaller, possible loss of data
  error: 1 plat 18 at Packages/com.unity.render-pipelines.core/ShaderLibrary/Color.hlsl(637): 'glow_fwd': conversion from larger type to smaller, possible loss of data
  error: 1 plat 18 at Packages/com.unity.render-pipelines.core/ShaderLibrary/Color.hlsl(641): 'rgb_2_hue': conversion from larger type to smaller, possible loss of data
  error: 1 plat 18 at Packages/com.unity.render-pipelines.core/ShaderLibrary/Color.hlsl(642): 'center_hue': conversion from larger type to smaller, possible loss of data
  error: 1 plat 18 at Packages/com.unity.render-pipelines.core/ShaderLibrary/Color.hlsl(653): 'ACES_to_ACEScg': conversion from larger type to smaller, possible loss of data
  error: 1 plat 18 at Packages/com.unity.render-pipelines.core/ShaderLibrary/Color.hlsl(674): 'darkSurround_to_dimSurround': conversion from larger type to smaller, possible loss of data
  error: 1 plat 18 at Packages/com.unity.render-pipelines.core/ShaderLibrary/Color.hlsl(700): conversion from larger type to smaller, possible loss of data
  error: 1 plat 18 at Packages/com.unity.render-pipelines.core/ShaderLibrary/Color.hlsl(708): conversion from larger type to smaller, possible loss of data
  error: 1 plat 18 at Packages/com.unity.render-pipelines.core/ShaderLibrary/Common.hlsl(1028): conversion from larger type to smaller, possible loss of data
  error: 1 plat 18 at Packages/com.unity.render-pipelines.core/ShaderLibrary/Filtering.hlsl(64): 'BSpline3Rightmost': conversion from larger type to smaller, possible loss of data
  error: 1 plat 18 at Packages/com.unity.render-pipelines.core/ShaderLibrary/Filtering.hlsl(65): 'BSpline3MiddleRight': conversion from larger type to smaller, possible loss of data
  error: 1 plat 18 at Packages/com.unity.render-pipelines.core/ShaderLibrary/Filtering.hlsl(66): 'BSpline3MiddleLeft': conversion from larger type to smaller, possible loss of data
  error: 1 plat 18 at Packages/com.unity.render-pipelines.core/ShaderLibrary/Filtering.hlsl(80): 'BSpline2Left': conversion from larger type to smaller, possible loss of data
  error: 1 plat 18 at Packages/com.unity.render-pipelines.core/ShaderLibrary/Filtering.hlsl(81): 'BSpline2Middle': conversion from larger type to smaller, possible loss of data
  error: 1 plat 18 at Packages/com.unity.render-pipelines.core/ShaderLibrary/SpaceTransforms.hlsl(52): conversion from larger type to smaller, possible loss of data
  error: 2 plat 18 at Packages/com.unity.render-pipelines.high-definition/Runtime/ShaderLibrary/ShaderVariablesFunctions.hlsl(7): redefinition of 'GetAbsolutePositionWS'
  api=18 insize=7712 outsize=0 ok=0
Cmd: compileComputeKernel
  error: 2 plat 4 at Packages/com.unity.render-pipelines.high-definition/Runtime/ShaderLibrary/ShaderVariablesFunctions.hlsl(7): redefinition of 'GetAbsolutePositionWS'
  api=4 insize=7712 outsize=0 ok=0
Cmd: compileComputeKernel
  error: 2 plat 4 at Packages/com.unity.render-pipelines.high-definition/Runtime/ShaderLibrary/ShaderVariablesFunctions.hlsl(7): redefinition of 'GetAbsolutePositionWS'
  api=4 insize=17691 outsize=0 ok=0
Cmd: compileComputeKernel
  error: 1 plat 18 at Packages/com.unity.render-pipelines.core/ShaderLibrary/Common.hlsl(1028): conversion from larger type to smaller, possible loss of data
  error: 1 plat 18 at Packages/com.unity.render-pipelines.core/ShaderLibrary/SpaceTransforms.hlsl(52): conversion from larger type to smaller, possible loss of data
  error: 2 plat 18 at Packages/com.unity.render-pipelines.high-definition/Runtime/ShaderLibrary/ShaderVariablesFunctions.hlsl(7): redefinition of 'GetAbsolutePositionWS'
  api=18 insize=3918 outsize=0 ok=0
Cmd: compileComputeKernel
  error: 1 plat 18 at Packages/com.unity.render-pipelines.core/ShaderLibrary/Common.hlsl(1028): conversion from larger type to smaller, possible loss of data
  error: 1 plat 18 at Packages/com.unity.render-pipelines.core/ShaderLibrary/SpaceTransforms.hlsl(52): conversion from larger type to smaller, possible loss of data
  error: 2 plat 18 at Packages/com.unity.render-pipelines.high-definition/Runtime/ShaderLibrary/ShaderVariablesFunctions.hlsl(7): redefinition of 'GetAbsolutePositionWS'
  api=18 insize=2596 outsize=0 ok=0
Cmd: compileComputeKernel
  error: 1 plat 18 at Packages/com.unity.render-pipelines.core/ShaderLibrary/Common.hlsl(1028): conversion from larger type to smaller, possible loss of data
  error: 1 plat 18 at Packages/com.unity.render-pipelines.core/ShaderLibrary/SpaceTransforms.hlsl(52): conversion from larger type to smaller, possible loss of data
  error: 2 plat 18 at Packages/com.unity.render-pipelines.high-definition/Runtime/ShaderLibrary/ShaderVariablesFunctions.hlsl(7): redefinition of 'GetAbsolutePositionWS'
  api=18 insize=3022 outsize=0 ok=0
Cmd: compileComputeKernel
  error: 1 plat 18 at Packages/com.unity.render-pipelines.core/ShaderLibrary/ACES.hlsl(350): conversion from larger type to smaller, possible loss of data
  error: 1 plat 18 at Packages/com.unity.render-pipelines.core/ShaderLibrary/ACES.hlsl(455): conversion from larger type to smaller, possible loss of data
  error: 1 plat 18 at Packages/com.unity.render-pipelines.core/ShaderLibrary/ACES.hlsl(464): conversion from larger type to smaller, possible loss of data
  error: 1 plat 18 at Packages/com.unity.render-pipelines.core/ShaderLibrary/ACES.hlsl(466): conversion from larger type to smaller, possible loss of data
  error: 1 plat 18 at Packages/com.unity.render-pipelines.core/ShaderLibrary/ACES.hlsl(474): conversion from larger type to smaller, possible loss of data
  error: 1 plat 18 at Packages/com.unity.render-pipelines.core/ShaderLibrary/ACES.hlsl(476): conversion from larger type to smaller, possible loss of data
  error: 1 plat 18 at Packages/com.unity.render-pipelines.core/ShaderLibrary/ACES.hlsl(517): conversion from larger type to smaller, possible loss of data
  error: 1 plat 18 at Packages/com.unity.render-pipelines.core/ShaderLibrary/ACES.hlsl(519): conversion from larger type to smaller, possible loss of data
  error: 1 plat 18 at Packages/com.unity.render-pipelines.core/ShaderLibrary/ACES.hlsl(527): conversion from larger type to smaller, possible loss of data
  error: 1 plat 18 at Packages/com.unity.render-pipelines.core/ShaderLibrary/ACES.hlsl(529): conversion from larger type to smaller, possible loss of data
  error: 1 plat 18 at Packages/com.unity.render-pipelines.core/ShaderLibrary/Color.hlsl(44): conversion from larger type to smaller, possible loss of data
  error: 1 plat 18 at Packages/com.unity.render-pipelines.core/ShaderLibrary/Color.hlsl(59): conversion from larger type to smaller, possible loss of data
  error: 1 plat 18 at Packages/com.unity.render-pipelines.core/ShaderLibrary/Color.hlsl(76): conversion from larger type to smaller, possible loss of data
  error: 1 plat 18 at Packages/com.unity.render-pipelines.core/ShaderLibrary/Color.hlsl(105): conversion from larger type to smaller, possible loss of data
  error: 1 plat 18 at Packages/com.unity.render-pipelines.core/ShaderLibrary/Color.hlsl(155): conversion from larger type to smaller, possible loss of data
  error: 1 plat 18 at Packages/com.unity.render-pipelines.core/ShaderLibrary/Color.hlsl(160): conversion from larger type to smaller, possible loss of data
  error: 1 plat 18 at Packages/com.unity.render-pipelines.core/ShaderLibrary/Color.hlsl(165): conversion from larger type to smaller, possible loss of data
  error: 1 plat 18 at Packages/com.unity.render-pipelines.core/ShaderLibrary/Color.hlsl(208): conversion from larger type to smaller, possible loss of data
  error: 1 plat 18 at Packages/com.unity.render-pipelines.core/ShaderLibrary/Color.hlsl(506): conversion from larger type to smaller, possible loss of data
  error: 1 plat 18 at Packages/com.unity.render-pipelines.core/ShaderLibrary/Color.hlsl(524): conversion from larger type to smaller, possible loss of data
  error: 1 plat 18 at Packages/com.unity.render-pipelines.core/ShaderLibrary/Color.hlsl(533): conversion from larger type to smaller, possible loss of data
  error: 1 plat 18 at Packages/com.unity.render-pipelines.core/ShaderLibrary/Color.hlsl(534): conversion from larger type to smaller, possible loss of data
  error: 1 plat 18 at Packages/com.unity.render-pipelines.core/ShaderLibrary/Color.hlsl(535): conversion from larger type to smaller, possible loss of data
  error: 1 plat 18 at Packages/com.unity.render-pipelines.core/ShaderLibrary/Color.hlsl(536): conversion from larger type to smaller, possible loss of data
  error: 1 plat 18 at Packages/com.unity.render-pipelines.core/ShaderLibrary/Color.hlsl(634): 'rgb_2_saturation': conversion from larger type to smaller, possible loss of data
  error: 1 plat 18 at Packages/com.unity.render-pipelines.core/ShaderLibrary/Color.hlsl(635): 'rgb_2_yc': conversion from larger type to smaller, possible loss of data
  error: 1 plat 18 at Packages/com.unity.render-pipelines.core/ShaderLibrary/Color.hlsl(636): 'sigmoid_shaper': conversion from larger type to smaller, possible loss of data
  error: 1 plat 18 at Packages/com.unity.render-pipelines.core/ShaderLibrary/Color.hlsl(637): 'glow_fwd': conversion from larger type to smaller, possible loss of data
  error: 1 plat 18 at Packages/com.unity.render-pipelines.core/ShaderLibrary/Color.hlsl(641): 'rgb_2_hue': conversion from larger type to smaller, possible loss of data
  error: 1 plat 18 at Packages/com.unity.render-pipelines.core/ShaderLibrary/Color.hlsl(642): 'center_hue': conversion from larger type to smaller, possible loss of data
  error: 1 plat 18 at Packages/com.unity.render-pipelines.core/ShaderLibrary/Color.hlsl(653): 'ACES_to_ACEScg': conversion from larger type to smaller, possible loss of data
  error: 1 plat 18 at Packages/com.unity.render-pipelines.core/ShaderLibrary/Color.hlsl(674): 'darkSurround_to_dimSurround': conversion from larger type to smaller, possible loss of data
  error: 1 plat 18 at Packages/com.unity.render-pipelines.core/ShaderLibrary/Color.hlsl(700): conversion from larger type to smaller, possible loss of data
  error: 1 plat 18 at Packages/com.unity.render-pipelines.core/ShaderLibrary/Color.hlsl(708): conversion from larger type to smaller, possible loss of data
  error: 1 plat 18 at Packages/com.unity.render-pipelines.core/ShaderLibrary/Common.hlsl(1028): conversion from larger type to smaller, possible loss of data
  error: 1 plat 18 at Packages/com.unity.render-pipelines.core/ShaderLibrary/EntityLighting.hlsl(92): 'SHEvalLinearL0L1': conversion from larger type to smaller, possible loss of data
  error: 1 plat 18 at Packages/com.unity.render-pipelines.core/ShaderLibrary/EntityLighting.hlsl(95): 'SHEvalLinearL2': conversion from larger type to smaller, possible loss of data
  error: 1 plat 18 at Packages/com.unity.render-pipelines.core/ShaderLibrary/EntityLighting.hlsl(126): 'SHEvalLinearL0L1': conversion from larger type to smaller, possible loss of data
  error: 1 plat 18 at Packages/com.unity.render-pipelines.core/ShaderLibrary/EntityLighting.hlsl(245): conversion from larger type to smaller, possible loss of data
  error: 1 plat 18 at Packages/com.unity.render-pipelines.core/ShaderLibrary/EntityLighting.hlsl(250): conversion from larger type to smaller, possible loss of data
  error: 1 plat 18 at Packages/com.unity.render-pipelines.core/ShaderLibrary/EntityLighting.hlsl(267): conversion from larger type to smaller, possible loss of data
  error: 1 plat 18 at Packages/com.unity.render-pipelines.core/ShaderLibrary/EntityLighting.hlsl(272): conversion from larger type to smaller, possible loss of data
  error: 1 plat 18 at Packages/com.unity.render-pipelines.core/ShaderLibrary/EntityLighting.hlsl(277): conversion from larger type to smaller, possible loss of data
  error: 1 plat 18 at Packages/com.unity.render-pipelines.core/ShaderLibrary/EntityLighting.hlsl(279): conversion from larger type to smaller, possible loss of data
  error: 1 plat 18 at Packages/com.unity.render-pipelines.core/ShaderLibrary/Filtering.hlsl(64): 'BSpline3Rightmost': conversion from larger type to smaller, possible loss of data
  error: 1 plat 18 at Packages/com.unity.render-pipelines.core/ShaderLibrary/Filtering.hlsl(65): 'BSpline3MiddleRight': conversion from larger type to smaller, possible loss of data
  error: 1 plat 18 at Packages/com.unity.render-pipelines.core/ShaderLibrary/Filtering.hlsl(66): 'BSpline3MiddleLeft': conversion from larger type to smaller, possible loss of data
  error: 1 plat 18 at Packages/com.unity.render-pipelines.core/ShaderLibrary/Filtering.hlsl(80): 'BSpline2Left': conversion from larger type to smaller, possible loss of data
  error: 1 plat 18 at Packages/com.unity.render-pipelines.core/ShaderLibrary/Filtering.hlsl(81): 'BSpline2Middle': conversion from larger type to smaller, possible loss of data
  error: 1 plat 18 at Packages/com.unity.render-pipelines.core/ShaderLibrary/SpaceTransforms.hlsl(52): conversion from larger type to smaller, possible loss of data
  error: 2 plat 18 at Packages/com.unity.render-pipelines.high-definition/Runtime/ShaderLibrary/ShaderVariablesFunctions.hlsl(7): redefinition of 'GetAbsolutePositionWS'
  api=18 insize=35006 outsize=0 ok=0
Cmd: compileComputeKernel
  error: 1 plat 18 at Packages/com.unity.render-pipelines.core/ShaderLibrary/ACES.hlsl(350): conversion from larger type to smaller, possible loss of data
  error: 1 plat 18 at Packages/com.unity.render-pipelines.core/ShaderLibrary/ACES.hlsl(455): conversion from larger type to smaller, possible loss of data
  error: 1 plat 18 at Packages/com.unity.render-pipelines.core/ShaderLibrary/ACES.hlsl(464): conversion from larger type to smaller, possible loss of data
  error: 1 plat 18 at Packages/com.unity.render-pipelines.core/ShaderLibrary/ACES.hlsl(466): conversion from larger type to smaller, possible loss of data
  error: 1 plat 18 at Packages/com.unity.render-pipelines.core/ShaderLibrary/ACES.hlsl(474): conversion from larger type to smaller, possible loss of data
  error: 1 plat 18 at Packages/com.unity.render-pipelines.core/ShaderLibrary/ACES.hlsl(476): conversion from larger type to smaller, possible loss of data
  error: 1 plat 18 at Packages/com.unity.render-pipelines.core/ShaderLibrary/ACES.hlsl(517): conversion from larger type to smaller, possible loss of data
  error: 1 plat 18 at Packages/com.unity.render-pipelines.core/ShaderLibrary/ACES.hlsl(519): conversion from larger type to smaller, possible loss of data
  error: 1 plat 18 at Packages/com.unity.render-pipelines.core/ShaderLibrary/ACES.hlsl(527): conversion from larger type to smaller, possible loss of data
  error: 1 plat 18 at Packages/com.unity.render-pipelines.core/ShaderLibrary/ACES.hlsl(529): conversion from larger type to smaller, possible loss of data
  error: 1 plat 18 at Packages/com.unity.render-pipelines.core/ShaderLibrary/Color.hlsl(44): conversion from larger type to smaller, possible loss of data
  error: 1 plat 18 at Packages/com.unity.render-pipelines.core/ShaderLibrary/Color.hlsl(59): conversion from larger type to smaller, possible loss of data
  error: 1 plat 18 at Packages/com.unity.render-pipelines.core/ShaderLibrary/Color.hlsl(76): conversion from larger type to smaller, possible loss of data
  error: 1 plat 18 at Packages/com.unity.render-pipelines.core/ShaderLibrary/Color.hlsl(105): conversion from larger type to smaller, possible loss of data
  error: 1 plat 18 at Packages/com.unity.render-pipelines.core/ShaderLibrary/Color.hlsl(155): conversion from larger type to smaller, possible loss of data
  error: 1 plat 18 at Packages/com.unity.render-pipelines.core/ShaderLibrary/Color.hlsl(160): conversion from larger type to smaller, possible loss of data
  error: 1 plat 18 at Packages/com.unity.render-pipelines.core/ShaderLibrary/Color.hlsl(165): conversion from larger type to smaller, possible loss of data
  error: 1 plat 18 at Packages/com.unity.render-pipelines.core/ShaderLibrary/Color.hlsl(208): conversion from larger type to smaller, possible loss of data
  error: 1 plat 18 at Packages/com.unity.render-pipelines.core/ShaderLibrary/Color.hlsl(506): conversion from larger type to smaller, possible loss of data
  error: 1 plat 18 at Packages/com.unity.render-pipelines.core/ShaderLibrary/Color.hlsl(524): conversion from larger type to smaller, possible loss of data
  error: 1 plat 18 at Packages/com.unity.render-pipelines.core/ShaderLibrary/Color.hlsl(533): conversion from larger type to smaller, possible loss of data
  error: 1 plat 18 at Packages/com.unity.render-pipelines.core/ShaderLibrary/Color.hlsl(534): conversion from larger type to smaller, possible loss of data
  error: 1 plat 18 at Packages/com.unity.render-pipelines.core/ShaderLibrary/Color.hlsl(535): conversion from larger type to smaller, possible loss of data
  error: 1 plat 18 at Packages/com.unity.render-pipelines.core/ShaderLibrary/Color.hlsl(536): conversion from larger type to smaller, possible loss of data
  error: 1 plat 18 at Packages/com.unity.render-pipelines.core/ShaderLibrary/Color.hlsl(634): 'rgb_2_saturation': conversion from larger type to smaller, possible loss of data
  error: 1 plat 18 at Packages/com.unity.render-pipelines.core/ShaderLibrary/Color.hlsl(635): 'rgb_2_yc': conversion from larger type to smaller, possible loss of data
  error: 1 plat 18 at Packages/com.unity.render-pipelines.core/ShaderLibrary/Color.hlsl(636): 'sigmoid_shaper': conversion from larger type to smaller, possible loss of data
  error: 1 plat 18 at Packages/com.unity.render-pipelines.core/ShaderLibrary/Color.hlsl(637): 'glow_fwd': conversion from larger type to smaller, possible loss of data
  error: 1 plat 18 at Packages/com.unity.render-pipelines.core/ShaderLibrary/Color.hlsl(641): 'rgb_2_hue': conversion from larger type to smaller, possible loss of data
  error: 1 plat 18 at Packages/com.unity.render-pipelines.core/ShaderLibrary/Color.hlsl(642): 'center_hue': conversion from larger type to smaller, possible loss of data
  error: 1 plat 18 at Packages/com.unity.render-pipelines.core/ShaderLibrary/Color.hlsl(653): 'ACES_to_ACEScg': conversion from larger type to smaller, possible loss of data
  error: 1 plat 18 at Packages/com.unity.render-pipelines.core/ShaderLibrary/Color.hlsl(674): 'darkSurround_to_dimSurround': conversion from larger type to smaller, possible loss of data
  error: 1 plat 18 at Packages/com.unity.render-pipelines.core/ShaderLibrary/Color.hlsl(700): conversion from larger type to smaller, possible loss of data
  error: 1 plat 18 at Packages/com.unity.render-pipelines.core/ShaderLibrary/Color.hlsl(708): conversion from larger type to smaller, possible loss of data
  error: 1 plat 18 at Packages/com.unity.render-pipelines.core/ShaderLibrary/Common.hlsl(1028): conversion from larger type to smaller, possible loss of data
  error: 1 plat 18 at Packages/com.unity.render-pipelines.core/ShaderLibrary/EntityLighting.hlsl(92): 'SHEvalLinearL0L1': conversion from larger type to smaller, possible loss of data
  error: 1 plat 18 at Packages/com.unity.render-pipelines.core/ShaderLibrary/EntityLighting.hlsl(95): 'SHEvalLinearL2': conversion from larger type to smaller, possible loss of data
  error: 1 plat 18 at Packages/com.unity.render-pipelines.core/ShaderLibrary/EntityLighting.hlsl(126): 'SHEvalLinearL0L1': conversion from larger type to smaller, possible loss of data
  error: 1 plat 18 at Packages/com.unity.render-pipelines.core/ShaderLibrary/EntityLighting.hlsl(245): conversion from larger type to smaller, possible loss of data
  error: 1 plat 18 at Packages/com.unity.render-pipelines.core/ShaderLibrary/EntityLighting.hlsl(250): conversion from larger type to smaller, possible loss of data
  error: 1 plat 18 at Packages/com.unity.render-pipelines.core/ShaderLibrary/EntityLighting.hlsl(267): conversion from larger type to smaller, possible loss of data
  error: 1 plat 18 at Packages/com.unity.render-pipelines.core/ShaderLibrary/EntityLighting.hlsl(272): conversion from larger type to smaller, possible loss of data
  error: 1 plat 18 at Packages/com.unity.render-pipelines.core/ShaderLibrary/EntityLighting.hlsl(277): conversion from larger type to smaller, possible loss of data
  error: 1 plat 18 at Packages/com.unity.render-pipelines.core/ShaderLibrary/EntityLighting.hlsl(279): conversion from larger type to smaller, possible loss of data
  error: 1 plat 18 at Packages/com.unity.render-pipelines.core/ShaderLibrary/Filtering.hlsl(64): 'BSpline3Rightmost': conversion from larger type to smaller, possible loss of data
  error: 1 plat 18 at Packages/com.unity.render-pipelines.core/ShaderLibrary/Filtering.hlsl(65): 'BSpline3MiddleRight': conversion from larger type to smaller, possible loss of data
  error: 1 plat 18 at Packages/com.unity.render-pipelines.core/ShaderLibrary/Filtering.hlsl(66): 'BSpline3MiddleLeft': conversion from larger type to smaller, possible loss of data
  error: 1 plat 18 at Packages/com.unity.render-pipelines.core/ShaderLibrary/Filtering.hlsl(80): 'BSpline2Left': conversion from larger type to smaller, possible loss of data
  error: 1 plat 18 at Packages/com.unity.render-pipelines.core/ShaderLibrary/Filtering.hlsl(81): 'BSpline2Middle': conversion from larger type to smaller, possible loss of data
  error: 1 plat 18 at Packages/com.unity.render-pipelines.core/ShaderLibrary/SpaceTransforms.hlsl(52): conversion from larger type to smaller, possible loss of data
  error: 2 plat 18 at Packages/com.unity.render-pipelines.high-definition/Runtime/ShaderLibrary/ShaderVariablesFunctions.hlsl(7): redefinition of 'GetAbsolutePositionWS'
  api=18 insize=35006 outsize=0 ok=0
Cmd: compileComputeKernel
  error: 1 plat 18 at Packages/com.unity.render-pipelines.core/ShaderLibrary/Common.hlsl(1028): conversion from larger type to smaller, possible loss of data
  error: 1 plat 18 at Packages/com.unity.render-pipelines.core/ShaderLibrary/SpaceTransforms.hlsl(52): conversion from larger type to smaller, possible loss of data
  error: 2 plat 18 at Packages/com.unity.render-pipelines.high-definition/Runtime/ShaderLibrary/ShaderVariablesFunctions.hlsl(7): redefinition of 'GetAbsolutePositionWS'
  api=18 insize=3733 outsize=0 ok=0
Cmd: compileComputeKernel
  error: 2 plat 4 at Packages/com.unity.render-pipelines.high-definition/Runtime/ShaderLibrary/ShaderVariablesFunctions.hlsl(7): redefinition of 'GetAbsolutePositionWS'
  api=4 insize=4061 outsize=0 ok=0
Cmd: compileComputeKernel
  error: 1 plat 18 at Packages/com.unity.render-pipelines.core/ShaderLibrary/Common.hlsl(1028): conversion from larger type to smaller, possible loss of data
  api=18 insize=21453 outsize=61810 ok=1
Cmd: compileComputeKernel
  error: 1 plat 18 at Packages/com.unity.render-pipelines.core/ShaderLibrary/Common.hlsl(1028): conversion from larger type to smaller, possible loss of data
  error: 1 plat 18 at Packages/com.unity.render-pipelines.core/ShaderLibrary/SpaceTransforms.hlsl(52): conversion from larger type to smaller, possible loss of data
  error: 2 plat 18 at Packages/com.unity.render-pipelines.high-definition/Runtime/ShaderLibrary/ShaderVariablesFunctions.hlsl(7): redefinition of 'GetAbsolutePositionWS'
  api=18 insize=18634 outsize=0 ok=0
Cmd: compileComputeKernel
  error: 1 plat 18 at ComputeGgxIblSampleData.compute(23): 'MipmapLevelToPerceptualRoughness': conversion from larger type to smaller, possible loss of data
  error: 1 plat 18 at ComputeGgxIblSampleData.compute(51): 'Golden2dSeq': conversion from larger type to smaller, possible loss of data
  error: 1 plat 18 at ComputeGgxIblSampleData.compute(52): 'SampleGGXDir': conversion from larger type to smaller, possible loss of data
  error: 1 plat 18 at ComputeGgxIblSampleData.compute(70): 'Golden2dSeq': conversion from larger type to smaller, possible loss of data
  error: 1 plat 18 at ComputeGgxIblSampleData.compute(72): 'SampleGGXDir': conversion from larger type to smaller, possible loss of data
  error: 1 plat 18 at ComputeGgxIblSampleData.compute(74): 'D_GGX': conversion from larger type to smaller, possible loss of data
  error: 1 plat 18 at Packages/com.unity.render-pipelines.core/ShaderLibrary/BSDF.hlsl(121): conversion from larger type to smaller, possible loss of data
  error: 1 plat 18 at Packages/com.unity.render-pipelines.core/ShaderLibrary/BSDF.hlsl(527): conversion from larger type to smaller, possible loss of data
  error: 1 plat 18 at Packages/com.unity.render-pipelines.core/ShaderLibrary/BSDF.hlsl(551): conversion from larger type to smaller, possible loss of data
  error: 1 plat 18 at Packages/com.unity.render-pipelines.core/ShaderLibrary/BSDF.hlsl(570): conversion from larger type to smaller, possible loss of data
  error: 1 plat 18 at Packages/com.unity.render-pipelines.core/ShaderLibrary/Common.hlsl(1028): conversion from larger type to smaller, possible loss of data
  error: 1 plat 18 at Packages/com.unity.render-pipelines.core/ShaderLibrary/CommonLighting.hlsl(68): conversion from larger type to smaller, possible loss of data
  error: 1 plat 18 at Packages/com.unity.render-pipelines.core/ShaderLibrary/CommonLighting.hlsl(395): conversion from larger type to smaller, possible loss of data
  error: 1 plat 18 at Packages/com.unity.render-pipelines.core/ShaderLibrary/CommonMaterial.hlsl(129): 'PerceptualSmoothnessToRoughness': conversion from larger type to smaller, possible loss of data
  error: 1 plat 18 at Packages/com.unity.render-pipelines.core/ShaderLibrary/CommonMaterial.hlsl(133): 'RoughnessToPerceptualSmoothness': conversion from larger type to smaller, possible loss of data
  error: 1 plat 18 at Packages/com.unity.render-pipelines.core/ShaderLibrary/ImageBasedLighting.hlsl(26): conversion from larger type to smaller, possible loss of data
  error: 1 plat 18 at Packages/com.unity.render-pipelines.core/ShaderLibrary/ImageBasedLighting.hlsl(37): conversion from larger type to smaller, possible loss of data
  error: 1 plat 18 at Packages/com.unity.render-pipelines.core/ShaderLibrary/ImageBasedLighting.hlsl(76): 'Orthonormalize': conversion from larger type to smaller, possible loss of data
  error: 1 plat 18 at Packages/com.unity.render-pipelines.core/ShaderLibrary/ImageBasedLighting.hlsl(84): conversion from larger type to smaller, possible loss of data
  error: 1 plat 18 at Packages/com.unity.render-pipelines.core/ShaderLibrary/ImageBasedLighting.hlsl(101): 'GetAnisotropicModifiedNormal': conversion from larger type to smaller, possible loss of data
  error: 1 plat 18 at Packages/com.unity.render-pipelines.core/ShaderLibrary/ImageBasedLighting.hlsl(185): conversion from larger type to smaller, possible loss of data
  error: 1 plat 18 at Packages/com.unity.render-pipelines.core/ShaderLibrary/ImageBasedLighting.hlsl(201): conversion from larger type to smaller, possible loss of data
  error: 1 plat 18 at Packages/com.unity.render-pipelines.core/ShaderLibrary/ImageBasedLighting.hlsl(368): conversion from larger type to smaller, possible loss of data
  error: 1 plat 18 at Packages/com.unity.render-pipelines.core/ShaderLibrary/ImageBasedLighting.hlsl(405): conversion from larger type to smaller, possible loss of data
  error: 1 plat 18 at Packages/com.unity.render-pipelines.core/ShaderLibrary/ImageBasedLighting.hlsl(475): conversion from larger type to smaller, possible loss of data
  error: 1 plat 18 at Packages/com.unity.render-pipelines.core/ShaderLibrary/ImageBasedLighting.hlsl(510): conversion from larger type to smaller, possible loss of data
  error: 1 plat 18 at Packages/com.unity.render-pipelines.core/ShaderLibrary/ImageBasedLighting.hlsl(518): conversion from larger type to smaller, possible loss of data
  error: 1 plat 18 at Packages/com.unity.render-pipelines.core/ShaderLibrary/ImageBasedLighting.hlsl(528): conversion from larger type to smaller, possible loss of data
  error: 1 plat 18 at Packages/com.unity.render-pipelines.core/ShaderLibrary/ImageBasedLighting.hlsl(583): conversion from larger type to smaller, possible loss of data
  error: 1 plat 18 at Packages/com.unity.render-pipelines.core/ShaderLibrary/ImageBasedLighting.hlsl(602): 'GetBSDFAngle': conversion from larger type to smaller, possible loss of data
  error: 1 plat 18 at Packages/com.unity.render-pipelines.core/ShaderLibrary/ImageBasedLighting.hlsl(606): 'D_Charlie': conversion from larger type to smaller, possible loss of data
  error: 1 plat 18 at Packages/com.unity.render-pipelines.core/ShaderLibrary/ImageBasedLighting.hlsl(607): 'V_Charlie': conversion from larger type to smaller, possible loss of data
  error: 1 plat 18 at Packages/com.unity.render-pipelines.core/ShaderLibrary/ImageBasedLighting.hlsl(623): conversion from larger type to smaller, possible loss of data
  error: 1 plat 18 at Packages/com.unity.render-pipelines.core/ShaderLibrary/ImageBasedLighting.hlsl(625): conversion from larger type to smaller, possible loss of data
  error: 1 plat 18 at Packages/com.unity.render-pipelines.core/ShaderLibrary/ImageBasedLighting.hlsl(634): conversion from larger type to smaller, possible loss of data
  error: 1 plat 18 at Packages/com.unity.render-pipelines.core/ShaderLibrary/ImageBasedLighting.hlsl(650): conversion from larger type to smaller, possible loss of data
  error: 1 plat 18 at Packages/com.unity.render-pipelines.core/ShaderLibrary/ImageBasedLighting.hlsl(659): conversion from larger type to smaller, possible loss of data
  error: 1 plat 18 at Packages/com.unity.render-pipelines.core/ShaderLibrary/ImageBasedLighting.hlsl(693): conversion from larger type to smaller, possible loss of data
  error: 1 plat 18 at Packages/com.unity.render-pipelines.core/ShaderLibrary/ImageBasedLighting.hlsl(711): conversion from larger type to smaller, possible loss of data
  error: 1 plat 18 at Packages/com.unity.render-pipelines.core/ShaderLibrary/ImageBasedLighting.hlsl(712): conversion from larger type to smaller, possible loss of data
  error: 1 plat 18 at Packages/com.unity.render-pipelines.core/ShaderLibrary/ImageBasedLighting.hlsl(719): conversion from larger type to smaller, possible loss of data
  error: 1 plat 18 at Packages/com.unity.render-pipelines.core/ShaderLibrary/Sampling/Fibonacci.hlsl(12): conversion from larger type to smaller, possible loss of data
  error: 1 plat 18 at Packages/com.unity.render-pipelines.core/ShaderLibrary/Sampling/Fibonacci.hlsl(23): conversion from larger type to smaller, possible loss of data
  error: 1 plat 18 at Packages/com.unity.render-pipelines.core/ShaderLibrary/Sampling/Fibonacci.hlsl(266): 'Fibonacci2dSeq': conversion from larger type to smaller, possible loss of data
  error: 1 plat 18 at Packages/com.unity.render-pipelines.core/ShaderLibrary/Sampling/Hammersley.hlsl(21): conversion from larger type to smaller, possible loss of data
  error: 1 plat 18 at Packages/com.unity.render-pipelines.core/ShaderLibrary/Sampling/Sampling.hlsl(128): conversion from larger type to smaller, possible loss of data
  api=18 insize=2517 outsize=10582 ok=1
Cmd: compileComputeKernel
  error: 1 plat 18 at Common.hlsl(1028): conversion from larger type to smaller, possible loss of data
  error: 1 plat 18 at LutBuilder3D.compute(63): 'AcesLuminance': conversion from larger type to smaller, possible loss of data
  error: 2 plat 18 at LutBuilder3D.compute(71): redefinition of 'SoftLight'
  error: 1 plat 18 at Packages/com.unity.render-pipelines.core/ShaderLibrary/ACES.hlsl(350): conversion from larger type to smaller, possible loss of data
  error: 1 plat 18 at Packages/com.unity.render-pipelines.core/ShaderLibrary/ACES.hlsl(455): conversion from larger type to smaller, possible loss of data
  error: 1 plat 18 at Packages/com.unity.render-pipelines.core/ShaderLibrary/ACES.hlsl(464): conversion from larger type to smaller, possible loss of data
  error: 1 plat 18 at Packages/com.unity.render-pipelines.core/ShaderLibrary/ACES.hlsl(466): conversion from larger type to smaller, possible loss of data
  error: 1 plat 18 at Packages/com.unity.render-pipelines.core/ShaderLibrary/ACES.hlsl(474): conversion from larger type to smaller, possible loss of data
  error: 1 plat 18 at Packages/com.unity.render-pipelines.core/ShaderLibrary/ACES.hlsl(476): conversion from larger type to smaller, possible loss of data
  error: 1 plat 18 at Packages/com.unity.render-pipelines.core/ShaderLibrary/ACES.hlsl(517): conversion from larger type to smaller, possible loss of data
  error: 1 plat 18 at Packages/com.unity.render-pipelines.core/ShaderLibrary/ACES.hlsl(519): conversion from larger type to smaller, possible loss of data
  error: 1 plat 18 at Packages/com.unity.render-pipelines.core/ShaderLibrary/ACES.hlsl(527): conversion from larger type to smaller, possible loss of data
  error: 1 plat 18 at Packages/com.unity.render-pipelines.core/ShaderLibrary/ACES.hlsl(529): conversion from larger type to smaller, possible loss of data
  error: 1 plat 18 at Packages/com.unity.render-pipelines.core/ShaderLibrary/Color.hlsl(44): conversion from larger type to smaller, possible loss of data
  error: 1 plat 18 at Packages/com.unity.render-pipelines.core/ShaderLibrary/Color.hlsl(59): conversion from larger type to smaller, possible loss of data
  error: 1 plat 18 at Packages/com.unity.render-pipelines.core/ShaderLibrary/Color.hlsl(76): conversion from larger type to smaller, possible loss of data
  error: 1 plat 18 at Packages/com.unity.render-pipelines.core/ShaderLibrary/Color.hlsl(105): conversion from larger type to smaller, possible loss of data
  error: 1 plat 18 at Packages/com.unity.render-pipelines.core/ShaderLibrary/Color.hlsl(155): conversion from larger type to smaller, possible loss of data
  error: 1 plat 18 at Packages/com.unity.render-pipelines.core/ShaderLibrary/Color.hlsl(160): conversion from larger type to smaller, possible loss of data
  error: 1 plat 18 at Packages/com.unity.render-pipelines.core/ShaderLibrary/Color.hlsl(165): conversion from larger type to smaller, possible loss of data
  error: 1 plat 18 at Packages/com.unity.render-pipelines.core/ShaderLibrary/Color.hlsl(208): conversion from larger type to smaller, possible loss of data
  error: 1 plat 18 at Packages/com.unity.render-pipelines.core/ShaderLibrary/Color.hlsl(506): conversion from larger type to smaller, possible loss of data
  error: 1 plat 18 at Packages/com.unity.render-pipelines.core/ShaderLibrary/Color.hlsl(524): conversion from larger type to smaller, possible loss of data
  error: 1 plat 18 at Packages/com.unity.render-pipelines.core/ShaderLibrary/Color.hlsl(533): conversion from larger type to smaller, possible loss of data
  error: 1 plat 18 at Packages/com.unity.render-pipelines.core/ShaderLibrary/Color.hlsl(534): conversion from larger type to smaller, possible loss of data
  error: 1 plat 18 at Packages/com.unity.render-pipelines.core/ShaderLibrary/Color.hlsl(535): conversion from larger type to smaller, possible loss of data
  error: 1 plat 18 at Packages/com.unity.render-pipelines.core/ShaderLibrary/Color.hlsl(536): conversion from larger type to smaller, possible loss of data
  error: 1 plat 18 at Packages/com.unity.render-pipelines.core/ShaderLibrary/Color.hlsl(634): 'rgb_2_saturation': conversion from larger type to smaller, possible loss of data
  error: 1 plat 18 at Packages/com.unity.render-pipelines.core/ShaderLibrary/Color.hlsl(635): 'rgb_2_yc': conversion from larger type to smaller, possible loss of data
  error: 1 plat 18 at Packages/com.unity.render-pipelines.core/ShaderLibrary/Color.hlsl(636): 'sigmoid_shaper': conversion from larger type to smaller, possible loss of data
  error: 1 plat 18 at Packages/com.unity.render-pipelines.core/ShaderLibrary/Color.hlsl(637): 'glow_fwd': conversion from larger type to smaller, possible loss of data
  error: 1 plat 18 at Packages/com.unity.render-pipelines.core/ShaderLibrary/Color.hlsl(641): 'rgb_2_hue': conversion from larger type to smaller, possible loss of data
  error: 1 plat 18 at Packages/com.unity.render-pipelines.core/ShaderLibrary/Color.hlsl(642): 'center_hue': conversion from larger type to smaller, possible loss of data
  error: 1 plat 18 at Packages/com.unity.render-pipelines.core/ShaderLibrary/Color.hlsl(653): 'ACES_to_ACEScg': conversion from larger type to smaller, possible loss of data
  error: 1 plat 18 at Packages/com.unity.render-pipelines.core/ShaderLibrary/Color.hlsl(674): 'darkSurround_to_dimSurround': conversion from larger type to smaller, possible loss of data
  error: 1 plat 18 at Packages/com.unity.render-pipelines.core/ShaderLibrary/Color.hlsl(700): conversion from larger type to smaller, possible loss of data
  error: 1 plat 18 at Packages/com.unity.render-pipelines.core/ShaderLibrary/Color.hlsl(708): conversion from larger type to smaller, possible loss of data
  api=18 insize=9347 outsize=0 ok=0
Cmd: compileComputeKernel
  error: 2 plat 4 at Packages/com.unity.render-pipelines.high-definition/Runtime/ShaderLibrary/ShaderVariablesFunctions.hlsl(7): redefinition of 'GetAbsolutePositionWS'
  api=4 insize=7883 outsize=0 ok=0
Cmd: compileComputeKernel
  error: 2 plat 4 at Packages/com.unity.render-pipelines.high-definition/Runtime/ShaderLibrary/ShaderVariablesFunctions.hlsl(7): redefinition of 'GetAbsolutePositionWS'
  api=4 insize=4918 outsize=0 ok=0
Cmd: compileComputeKernel
  error: 1 plat 18 at Packages/com.unity.render-pipelines.core/ShaderLibrary/Common.hlsl(1028): conversion from larger type to smaller, possible loss of data
  error: 1 plat 18 at Packages/com.unity.render-pipelines.core/ShaderLibrary/Filtering.hlsl(64): 'BSpline3Rightmost': conversion from larger type to smaller, possible loss of data
  error: 1 plat 18 at Packages/com.unity.render-pipelines.core/ShaderLibrary/Filtering.hlsl(65): 'BSpline3MiddleRight': conversion from larger type to smaller, possible loss of data
  error: 1 plat 18 at Packages/com.unity.render-pipelines.core/ShaderLibrary/Filtering.hlsl(66): 'BSpline3MiddleLeft': conversion from larger type to smaller, possible loss of data
  error: 1 plat 18 at Packages/com.unity.render-pipelines.core/ShaderLibrary/Filtering.hlsl(80): 'BSpline2Left': conversion from larger type to smaller, possible loss of data
  error: 1 plat 18 at Packages/com.unity.render-pipelines.core/ShaderLibrary/Filtering.hlsl(81): 'BSpline2Middle': conversion from larger type to smaller, possible loss of data
  error: 1 plat 18 at Packages/com.unity.render-pipelines.core/ShaderLibrary/SpaceTransforms.hlsl(52): conversion from larger type to smaller, possible loss of data
  error: 2 plat 18 at Packages/com.unity.render-pipelines.high-definition/Runtime/ShaderLibrary/ShaderVariablesFunctions.hlsl(7): redefinition of 'GetAbsolutePositionWS'
  api=18 insize=5089 outsize=0 ok=0
Cmd: compileComputeKernel
  error: 2 plat 4 at Packages/com.unity.render-pipelines.high-definition/Runtime/ShaderLibrary/ShaderVariablesFunctions.hlsl(7): redefinition of 'GetAbsolutePositionWS'
  api=4 insize=5089 outsize=0 ok=0
Cmd: compileComputeKernel
  error: 2 plat 4 at Packages/com.unity.render-pipelines.high-definition/Runtime/ShaderLibrary/ShaderVariablesFunctions.hlsl(7): redefinition of 'GetAbsolutePositionWS'
  api=4 insize=3695 outsize=0 ok=0
Cmd: compileComputeKernel
  error: 1 plat 18 at Packages/com.unity.render-pipelines.core/ShaderLibrary/Common.hlsl(1028): conversion from larger type to smaller, possible loss of data
  api=18 insize=25750 outsize=57823 ok=1
Cmd: compileComputeKernel
  api=4 insize=25750 outsize=15917 ok=1
Cmd: compileComputeKernel
  error: 1 plat 18 at Packages/com.unity.render-pipelines.core/ShaderLibrary/Common.hlsl(1028): conversion from larger type to smaller, possible loss of data
  error: 1 plat 18 at Packages/com.unity.render-pipelines.core/ShaderLibrary/SpaceTransforms.hlsl(52): conversion from larger type to smaller, possible loss of data
  error: 2 plat 18 at Packages/com.unity.render-pipelines.high-definition/Runtime/ShaderLibrary/ShaderVariablesFunctions.hlsl(7): redefinition of 'GetAbsolutePositionWS'
  api=18 insize=15475 outsize=0 ok=0
Cmd: compileComputeKernel
  error: 1 plat 18 at Packages/com.unity.render-pipelines.core/ShaderLibrary/Common.hlsl(1028): conversion from larger type to smaller, possible loss of data
  error: 1 plat 18 at Packages/com.unity.render-pipelines.core/ShaderLibrary/SpaceTransforms.hlsl(52): conversion from larger type to smaller, possible loss of data
  error: 2 plat 18 at Packages/com.unity.render-pipelines.high-definition/Runtime/ShaderLibrary/ShaderVariablesFunctions.hlsl(7): redefinition of 'GetAbsolutePositionWS'
  api=18 insize=15475 outsize=0 ok=0
Cmd: compileComputeKernel
  error: 1 plat 18 at Packages/com.unity.render-pipelines.core/ShaderLibrary/Common.hlsl(1028): conversion from larger type to smaller, possible loss of data
  error: 1 plat 18 at Packages/com.unity.render-pipelines.core/ShaderLibrary/SpaceTransforms.hlsl(52): conversion from larger type to smaller, possible loss of data
  error: 2 plat 18 at Packages/com.unity.render-pipelines.high-definition/Runtime/ShaderLibrary/ShaderVariablesFunctions.hlsl(7): redefinition of 'GetAbsolutePositionWS'
  api=18 insize=15475 outsize=0 ok=0
Cmd: compileComputeKernel
  error: 1 plat 18 at Packages/com.unity.render-pipelines.core/ShaderLibrary/Common.hlsl(1028): conversion from larger type to smaller, possible loss of data
  error: 1 plat 18 at Packages/com.unity.render-pipelines.core/ShaderLibrary/SpaceTransforms.hlsl(52): conversion from larger type to smaller, possible loss of data
  error: 2 plat 18 at Packages/com.unity.render-pipelines.high-definition/Runtime/ShaderLibrary/ShaderVariablesFunctions.hlsl(7): redefinition of 'GetAbsolutePositionWS'
  api=18 insize=15475 outsize=0 ok=0
Cmd: compileComputeKernel
  error: 1 plat 18 at Packages/com.unity.render-pipelines.core/ShaderLibrary/Common.hlsl(1028): conversion from larger type to smaller, possible loss of data
  error: 1 plat 18 at Packages/com.unity.render-pipelines.core/ShaderLibrary/SpaceTransforms.hlsl(52): conversion from larger type to smaller, possible loss of data
  error: 2 plat 18 at Packages/com.unity.render-pipelines.high-definition/Runtime/ShaderLibrary/ShaderVariablesFunctions.hlsl(7): redefinition of 'GetAbsolutePositionWS'
  api=18 insize=15475 outsize=0 ok=0
Cmd: compileComputeKernel
  error: 2 plat 4 at Packages/com.unity.render-pipelines.high-definition/Runtime/ShaderLibrary/ShaderVariablesFunctions.hlsl(7): redefinition of 'GetAbsolutePositionWS'
  api=4 insize=15475 outsize=0 ok=0
Cmd: compileComputeKernel
  error: 2 plat 4 at Packages/com.unity.render-pipelines.high-definition/Runtime/ShaderLibrary/ShaderVariablesFunctions.hlsl(7): redefinition of 'GetAbsolutePositionWS'
  api=4 insize=15475 outsize=0 ok=0
Cmd: compileComputeKernel
  error: 2 plat 4 at Packages/com.unity.render-pipelines.high-definition/Runtime/ShaderLibrary/ShaderVariablesFunctions.hlsl(7): redefinition of 'GetAbsolutePositionWS'
  api=4 insize=15475 outsize=0 ok=0
Cmd: compileComputeKernel
  error: 2 plat 4 at Packages/com.unity.render-pipelines.high-definition/Runtime/ShaderLibrary/ShaderVariablesFunctions.hlsl(7): redefinition of 'GetAbsolutePositionWS'
  api=4 insize=15475 outsize=0 ok=0
Cmd: compileComputeKernel
  error: 2 plat 4 at Packages/com.unity.render-pipelines.high-definition/Runtime/ShaderLibrary/ShaderVariablesFunctions.hlsl(7): redefinition of 'GetAbsolutePositionWS'
  api=4 insize=15475 outsize=0 ok=0
Cmd: compileComputeKernel
  error: 2 plat 4 at Packages/com.unity.render-pipelines.high-definition/Runtime/ShaderLibrary/ShaderVariablesFunctions.hlsl(7): redefinition of 'GetAbsolutePositionWS'
  api=4 insize=5725 outsize=0 ok=0
Cmd: compileComputeKernel
  api=4 insize=2510 outsize=562 ok=1
Cmd: compileComputeKernel
  error: 2 plat 9 at Packages/com.unity.render-pipelines.high-definition/Runtime/ShaderLibrary/ShaderVariablesFunctions.hlsl(135): #error "SAMPLE_TEXTURECUBE_ARRAY" is not supported on GLES 3.0
  error: 2 plat 9 at Packages/com.unity.render-pipelines.high-definition/Runtime/ShaderLibrary/ShaderVariablesFunctions.hlsl(140): #error "SAMPLE_TEXTURECUBE_ARRAY_LOD" is not supported on GLES 3.0
  api=9 insize=11912 outsize=0 ok=0
Cmd: compileComputeKernel
  error: 2 plat 4 at Packages/com.unity.render-pipelines.high-definition/Runtime/ShaderLibrary/ShaderVariablesFunctions.hlsl(7): redefinition of 'GetAbsolutePositionWS'
  api=4 insize=1946 outsize=0 ok=0
Cmd: compileComputeKernel
  error: 1 plat 18 at Packages/com.unity.render-pipelines.core/ShaderLibrary/Common.hlsl(1028): conversion from larger type to smaller, possible loss of data
  error: 1 plat 18 at Packages/com.unity.render-pipelines.core/ShaderLibrary/SpaceTransforms.hlsl(52): conversion from larger type to smaller, possible loss of data
  error: 2 plat 18 at Packages/com.unity.render-pipelines.high-definition/Runtime/ShaderLibrary/ShaderVariablesFunctions.hlsl(7): redefinition of 'GetAbsolutePositionWS'
  api=18 insize=2889 outsize=0 ok=0
Cmd: compileComputeKernel
  api=4 insize=7423 outsize=1033 ok=1
Cmd: compileComputeKernel
  api=4 insize=12268 outsize=9897 ok=1
Cmd: compileComputeKernel
  error: 2 plat 4 at Packages/com.unity.render-pipelines.high-definition/Runtime/ShaderLibrary/ShaderVariablesFunctions.hlsl(7): redefinition of 'GetAbsolutePositionWS'
  api=4 insize=11993 outsize=0 ok=0
