Using pre-set license
Built from '2020.2/staging' branch; Version is '2020.2.7f1 (c53830e277f1) revision 12924976'; Using compiler version '192528614'; Build Type 'Release'
OS: 'Windows 10 Enterprise; OS build 18363.1556; Version 1909; 64bit' Language: 'ru' Physical Memory: 20430 MB
BatchMode: 1, IsHumanControllingUs: 0, StartBugReporterOnCrash: 0, Is64bit: 1, IsPro: 0

 COMMAND LINE ARGUMENTS:
C:\Program Files\Unity\Hub\Editor\2020.2.7f1\Editor\Unity.exe
-adb2
-batchMode
-noUpm
-name
AssetImportWorker0
-projectPath
D:/Games/TestOlegEvseev/TestOlegEvseev
-logFile
Logs/AssetImportWorker0.log
-srvPort
58440
Successfully changed project path to: D:/Games/TestOlegEvseev/TestOlegEvseev
D:/Games/TestOlegEvseev/TestOlegEvseev
Using Asset Import Pipeline V2.
Refreshing native plugins compatible for Editor in 80.02 ms, found 0 plugins.
Preloading 0 native plugins for Editor in 0.00 ms.
Initialize engine version: 2020.2.7f1 (c53830e277f1)
[Subsystems] Discovering subsystems at path C:/Program Files/Unity/Hub/Editor/2020.2.7f1/Editor/Data/Resources/UnitySubsystems
[Subsystems] Discovering subsystems at path D:/Games/TestOlegEvseev/TestOlegEvseev/Assets
GfxDevice: creating device client; threaded=0
Direct3D:
    Version:  Direct3D 11.0 [level 11.1]
    Renderer: Radeon RX 580 Series (ID=0x67df)
    Vendor:   
    VRAM:     8171 MB
    Driver:   27.20.1034.6
Initialize mono
Mono path[0] = 'C:/Program Files/Unity/Hub/Editor/2020.2.7f1/Editor/Data/Managed'
Mono path[1] = 'C:/Program Files/Unity/Hub/Editor/2020.2.7f1/Editor/Data/MonoBleedingEdge/lib/mono/unityjit'
Mono config path = 'C:/Program Files/Unity/Hub/Editor/2020.2.7f1/Editor/Data/MonoBleedingEdge/etc'
Using monoOptions --debugger-agent=transport=dt_socket,embedding=1,server=y,suspend=n,address=127.0.0.1:56596
Begin MonoManager ReloadAssembly
Registering precompiled unity dll's ...
Register platform support module: C:/Program Files/Unity/Hub/Editor/2020.2.7f1/Editor/Data/PlaybackEngines/WindowsStandaloneSupport/UnityEditor.WindowsStandalone.Extensions.dll
Registered in 0.002091 seconds.
Native extension for WindowsStandalone target not found
Refreshing native plugins compatible for Editor in 74.44 ms, found 0 plugins.
Preloading 0 native plugins for Editor in 0.00 ms.
Invoked RoslynAnalysisRunner static constructor.
RoslynAnalysisRunner will not be running.
RoslynAnalysisRunner has terminated.
Mono: successfully reloaded assembly
- Completed reload, in  2.051 seconds
Platform modules already initialized, skipping
Registering precompiled user dll's ...
Registered in 0.002374 seconds.
Begin MonoManager ReloadAssembly
Native extension for WindowsStandalone target not found
Refreshing native plugins compatible for Editor in 84.16 ms, found 0 plugins.
Preloading 0 native plugins for Editor in 0.00 ms.
Invoked RoslynAnalysisRunner static constructor.
RoslynAnalysisRunner will not be running.
RoslynAnalysisRunner has terminated.
Mono: successfully reloaded assembly
- Completed reload, in  1.186 seconds
Platform modules already initialized, skipping
========================================================================
Worker process is ready to serve import requests
Launched and connected shader compiler UnityShaderCompiler.exe after 0.04 seconds
Refreshing native plugins compatible for Editor in 0.79 ms, found 0 plugins.
Preloading 0 native plugins for Editor in 0.00 ms.
Unloading 3376 Unused Serialized files (Serialized files now loaded: 0)
System memory in use before: 146.3 MB.
System memory in use after: 146.5 MB.

Unloading 30 unused Assets to reduce memory usage. Loaded Objects now: 3820.
Total: 2.750300 ms (FindLiveObjects: 0.365600 ms CreateObjectMapping: 0.092300 ms MarkObjects: 2.201300 ms  DeleteObjects: 0.090100 ms)

========================================================================
Received Import Request.
  path: Assets/Materials/sand-texture_(1).mat
  artifactKey: Guid(05dd9c7638cc855448bafe8157715e0a) Importer(815301076,1909f56bfc062723c751e8b465ee728b)
Start importing Assets/Materials/sand-texture_(1).mat using Guid(05dd9c7638cc855448bafe8157715e0a) Importer(815301076,1909f56bfc062723c751e8b465ee728b)  -> (artifact id: '4141d703a5fac325c420f842e34d19c7') in 0.143697 seconds
  Import took 0.149452 seconds .

========================================================================
Received Import Request.
  Time since last request: 22.609837 seconds.
  path: Assets/500.jpg
  artifactKey: Guid(72ab38d7e27c410459a3119f313cdcac) Importer(815301076,1909f56bfc062723c751e8b465ee728b)
Start importing Assets/500.jpg using Guid(72ab38d7e27c410459a3119f313cdcac) Importer(815301076,1909f56bfc062723c751e8b465ee728b)  -> (artifact id: '78f57c4dcb1410b75453fd83e15fdfca') in 0.069665 seconds
  Import took 0.075459 seconds .

AssetImportWorkerClient::OnTransportError - code=2 error=End of file
